2025-12-14 18:32:47.260069 - file "harrystyles.jpg" saved in database
2025-12-14 18:33:34.808148 - file "harrystyles.jpg" saved in database
2025-12-14 18:33:37.350253 - file "harrystyles.jpg" saved in database
2025-12-14 18:33:39.166964 - file "harrystyles.jpg" saved in database
2025-12-14 18:36:08.533473 - file "Louis_Tomlinson.jpg" saved in database
2025-12-14 18:36:19.869699 - file "Louis_Tomlinson.jpg" saved in database
2025-12-14 18:36:20.248042 - file "Louis_Tomlinson.jpg" saved in database
2025-12-14 19:32:17.451515 - file "rosalia.jpg" saved in database
2025-12-14 19:37:36.194292 - file "rosalia.jpg" saved in database
2025-12-14 19:37:36.927133 - file "rosalia.jpg" saved in database
2025-12-14 19:45:53.820804 - friend image "rosalia.jpg" added
2025-12-14 19:45:54.558747 - friend image "rosalia.jpg" added
2025-12-14 19:45:55.302178 - friend image "rosalia.jpg" added
2025-12-14 19:45:56.042954 - friend image "rosalia.jpg" added
2025-12-14 19:45:56.750889 - friend image "rosalia.jpg" added
2025-12-14 19:45:57.448103 - friend image "rosalia.jpg" added
2025-12-14 19:45:58.147761 - friend image "rosalia.jpg" added
2025-12-14 19:45:58.861675 - friend image "rosalia.jpg" added
2025-12-14 19:45:59.556936 - friend image "rosalia.jpg" added
2025-12-14 19:46:00.265692 - friend image "rosalia.jpg" added
2025-12-14 19:46:00.979843 - friend image "rosalia.jpg" added
2025-12-14 19:46:01.693812 - friend image "rosalia.jpg" added
2025-12-14 19:46:02.427880 - friend image "rosalia.jpg" added
2025-12-14 19:46:03.146489 - friend image "rosalia.jpg" added
2025-12-14 19:46:03.881167 - friend image "rosalia.jpg" added
2025-12-14 19:46:04.588189 - friend image "rosalia.jpg" added
2025-12-14 19:46:05.312699 - friend image "rosalia.jpg" added
2025-12-14 19:46:06.041332 - friend image "rosalia.jpg" added
2025-12-14 19:46:06.746033 - friend image "rosalia.jpg" added
2025-12-14 19:46:07.457377 - friend image "rosalia.jpg" added
2025-12-14 19:46:08.177425 - friend image "rosalia.jpg" added
2025-12-14 19:46:08.890445 - friend image "rosalia.jpg" added
2025-12-14 19:46:09.622152 - friend image "rosalia.jpg" added
2025-12-14 19:46:10.326938 - friend image "rosalia.jpg" added
2025-12-14 19:46:11.038683 - friend image "rosalia.jpg" added
2025-12-14 19:46:11.752826 - friend image "rosalia.jpg" added
2025-12-14 19:46:13.079547 - friend image "rosalia.jpg" added
2025-12-14 19:46:13.804510 - friend image "rosalia.jpg" added
2025-12-14 19:46:14.524281 - friend image "rosalia.jpg" added
2025-12-14 19:46:15.255341 - friend image "rosalia.jpg" added
2025-12-14 19:46:15.982508 - friend image "rosalia.jpg" added
2025-12-14 19:46:16.703404 - friend image "rosalia.jpg" added
2025-12-14 19:46:17.422363 - friend image "rosalia.jpg" added
2025-12-14 19:46:18.159201 - friend image "rosalia.jpg" added
2025-12-14 19:46:18.893510 - friend image "rosalia.jpg" added
2025-12-14 19:46:19.611145 - friend image "rosalia.jpg" added
2025-12-14 19:46:20.355228 - friend image "rosalia.jpg" added
2025-12-14 19:46:21.078594 - friend image "rosalia.jpg" added
2025-12-14 19:46:21.804075 - friend image "rosalia.jpg" added
2025-12-14 19:46:22.536119 - friend image "rosalia.jpg" added
2025-12-14 19:46:23.250471 - friend image "rosalia.jpg" added
2025-12-14 19:46:23.955030 - friend image "rosalia.jpg" added
2025-12-14 19:46:24.654800 - friend image "rosalia.jpg" added
2025-12-14 19:46:25.369695 - friend image "rosalia.jpg" added
2025-12-14 19:46:26.080581 - friend image "rosalia.jpg" added
2025-12-14 19:46:26.785590 - friend image "rosalia.jpg" added
2025-12-14 19:46:27.492670 - friend image "rosalia.jpg" added
2025-12-14 19:46:28.212764 - friend image "rosalia.jpg" added
2025-12-14 19:46:28.920887 - friend image "rosalia.jpg" added
2025-12-14 19:46:29.627946 - friend image "rosalia.jpg" added
2025-12-14 19:46:30.330303 - friend image "rosalia.jpg" added
2025-12-14 19:46:31.044575 - friend image "rosalia.jpg" added
2025-12-14 19:46:31.761616 - friend image "rosalia.jpg" added
2025-12-14 19:46:32.484710 - friend image "rosalia.jpg" added
2025-12-14 19:46:33.219968 - friend image "rosalia.jpg" added
2025-12-14 19:46:33.964603 - friend image "rosalia.jpg" added
2025-12-14 19:46:34.713292 - friend image "rosalia.jpg" added
2025-12-14 19:46:35.445880 - friend image "rosalia.jpg" added
2025-12-14 19:46:36.192407 - friend image "rosalia.jpg" added
2025-12-14 19:46:36.928648 - friend image "rosalia.jpg" added
2025-12-14 19:46:37.642818 - friend image "rosalia.jpg" added
2025-12-14 19:46:38.396691 - friend image "rosalia.jpg" added
2025-12-14 19:46:39.730620 - friend image "rosalia.jpg" added
2025-12-14 19:46:40.478426 - friend image "rosalia.jpg" added
2025-12-14 19:46:41.200674 - friend image "rosalia.jpg" added
2025-12-14 19:46:41.929376 - friend image "rosalia.jpg" added
2025-12-14 19:46:42.659908 - friend image "rosalia.jpg" added
2025-12-14 19:46:43.410210 - friend image "rosalia.jpg" added
2025-12-14 19:46:44.148642 - friend image "rosalia.jpg" added
2025-12-14 19:46:44.885396 - friend image "rosalia.jpg" added
2025-12-14 19:46:45.632470 - friend image "rosalia.jpg" added
2025-12-14 19:46:46.360418 - friend image "rosalia.jpg" added
2025-12-14 19:46:47.093375 - friend image "rosalia.jpg" added
2025-12-14 19:46:47.827153 - friend image "rosalia.jpg" added
2025-12-14 19:46:48.601975 - friend image "rosalia.jpg" added
2025-12-14 19:46:49.365898 - friend image "rosalia.jpg" added
2025-12-14 19:46:50.095027 - friend image "rosalia.jpg" added
2025-12-14 19:46:50.817509 - friend image "rosalia.jpg" added
2025-12-14 19:46:51.539622 - friend image "rosalia.jpg" added
2025-12-14 19:46:52.277322 - friend image "rosalia.jpg" added
2025-12-14 19:46:52.959699 - friend image "rosalia.jpg" added
2025-12-14 19:46:53.684775 - friend image "rosalia.jpg" added
2025-12-14 19:48:48.347049 - friend image "Louis_Tomlinson.jpg" added
2025-12-14 19:48:49.062763 - friend image "Louis_Tomlinson.jpg" added
2025-12-14 19:48:49.761490 - friend image "Louis_Tomlinson.jpg" added
2025-12-14 19:48:50.459095 - friend image "Louis_Tomlinson.jpg" added
2025-12-14 19:48:51.173710 - friend image "Louis_Tomlinson.jpg" added
2025-12-14 19:48:51.889123 - friend image "Louis_Tomlinson.jpg" added
2025-12-14 19:48:52.600629 - friend image "Louis_Tomlinson.jpg" added
2025-12-14 19:48:53.306427 - friend image "Louis_Tomlinson.jpg" added
2025-12-14 19:48:54.003507 - friend image "Louis_Tomlinson.jpg" added
2025-12-14 19:48:54.708140 - friend image "Louis_Tomlinson.jpg" added
2025-12-14 19:48:55.406871 - friend image "Louis_Tomlinson.jpg" added
2025-12-14 19:48:56.109986 - friend image "Louis_Tomlinson.jpg" added
2025-12-14 19:48:56.819412 - friend image "Louis_Tomlinson.jpg" added
2025-12-14 19:48:57.523773 - friend image "Louis_Tomlinson.jpg" added
2025-12-14 19:48:58.236150 - friend image "Louis_Tomlinson.jpg" added
2025-12-14 19:48:58.947400 - friend image "Louis_Tomlinson.jpg" added
2025-12-14 19:48:59.676634 - friend image "Louis_Tomlinson.jpg" added
2025-12-14 19:49:00.423188 - friend image "Louis_Tomlinson.jpg" added
2025-12-14 19:49:01.157970 - friend image "Louis_Tomlinson.jpg" added
2025-12-14 19:49:01.906506 - friend image "Louis_Tomlinson.jpg" added
2025-12-14 19:49:02.635443 - friend image "Louis_Tomlinson.jpg" added
2025-12-14 19:49:03.356978 - friend image "Louis_Tomlinson.jpg" added
2025-12-14 19:49:04.081873 - friend image "Louis_Tomlinson.jpg" added
2025-12-14 19:49:04.813148 - friend image "Louis_Tomlinson.jpg" added
2025-12-14 19:49:05.537906 - friend image "Louis_Tomlinson.jpg" added
2025-12-14 19:49:06.276527 - friend image "Louis_Tomlinson.jpg" added
2025-12-14 19:49:07.665225 - friend image "Louis_Tomlinson.jpg" added
2025-12-14 19:49:08.403504 - friend image "harrystyles.jpg" added
2025-12-14 19:49:09.066528 - friend image "harrystyles.jpg" added
2025-12-14 19:49:09.725969 - friend image "harrystyles.jpg" added
2025-12-14 19:49:10.389195 - friend image "harrystyles.jpg" added
2025-12-14 19:49:11.052522 - friend image "harrystyles.jpg" added
2025-12-14 19:49:11.709505 - friend image "harrystyles.jpg" added
2025-12-14 19:49:12.369846 - friend image "harrystyles.jpg" added
2025-12-14 19:49:13.035367 - friend image "harrystyles.jpg" added
2025-12-14 19:49:13.685646 - friend image "harrystyles.jpg" added
2025-12-14 19:49:14.338415 - friend image "harrystyles.jpg" added
2025-12-14 19:49:14.992535 - friend image "harrystyles.jpg" added
2025-12-14 19:49:15.667506 - friend image "harrystyles.jpg" added
2025-12-14 19:49:16.340674 - friend image "harrystyles.jpg" added
2025-12-14 19:49:17.007649 - friend image "harrystyles.jpg" added
2025-12-14 19:49:17.673623 - friend image "harrystyles.jpg" added
2025-12-14 19:49:18.361369 - friend image "harrystyles.jpg" added
2025-12-14 19:49:19.037985 - friend image "harrystyles.jpg" added
2025-12-14 19:49:19.711105 - friend image "harrystyles.jpg" added
2025-12-14 19:49:20.387659 - friend image "harrystyles.jpg" added
2025-12-14 19:49:21.061683 - friend image "harrystyles.jpg" added
2025-12-14 19:49:21.746333 - friend image "harrystyles.jpg" added
2025-12-14 19:49:22.425838 - friend image "harrystyles.jpg" added
2025-12-14 19:49:23.098833 - friend image "harrystyles.jpg" added
2025-12-14 19:49:27.077023 - friend image "michellejackson.jpg" added
2025-12-14 19:49:27.749172 - friend image "michellejackson.jpg" added
2025-12-14 19:49:28.442827 - friend image "michellejackson.jpg" added
2025-12-14 19:49:29.092512 - friend image "michellejackson.jpg" added
2025-12-14 19:49:29.740403 - friend image "michellejackson.jpg" added
2025-12-14 19:49:30.410216 - friend image "michellejackson.jpg" added
2025-12-14 19:49:31.073435 - friend image "michellejackson.jpg" added
2025-12-14 19:49:31.734831 - friend image "michellejackson.jpg" added
2025-12-14 19:49:32.401486 - friend image "michellejackson.jpg" added
2025-12-14 19:49:33.075059 - friend image "michellejackson.jpg" added
2025-12-14 19:49:33.735191 - friend image "michellejackson.jpg" added
2025-12-14 19:49:34.392479 - friend image "michellejackson.jpg" added
2025-12-14 19:49:35.050377 - friend image "michellejackson.jpg" added
2025-12-14 19:49:35.711930 - friend image "michellejackson.jpg" added
2025-12-14 19:49:36.369382 - friend image "michellejackson.jpg" added
2025-12-14 19:49:37.030268 - friend image "michellejackson.jpg" added
2025-12-14 19:49:37.681523 - friend image "michellejackson.jpg" added
2025-12-14 19:49:38.355043 - friend image "michellejackson.jpg" added
2025-12-14 19:49:39.013593 - friend image "michellejackson.jpg" added
2025-12-14 19:49:39.661591 - friend image "michellejackson.jpg" added
2025-12-14 19:49:40.312489 - friend image "michellejackson.jpg" added
2025-12-14 19:49:46.069404 - friend image "LadyGaga.jpg" added
2025-12-14 19:49:46.725889 - friend image "LadyGaga.jpg" added
2025-12-14 19:49:47.387104 - friend image "LadyGaga.jpg" added
2025-12-14 19:49:48.073021 - friend image "LadyGaga.jpg" added
2025-12-14 19:49:48.763751 - friend image "LadyGaga.jpg" added
2025-12-14 19:49:49.431796 - friend image "LadyGaga.jpg" added
2025-12-14 19:49:50.093964 - friend image "LadyGaga.jpg" added
2025-12-14 19:49:51.374178 - friend image "LadyGaga.jpg" added
2025-12-14 19:49:52.644937 - friend image "LadyGaga.jpg" added
2025-12-14 19:49:53.303800 - friend image "LadyGaga.jpg" added
2025-12-14 19:49:53.973385 - friend image "LadyGaga.jpg" added
2025-12-14 19:49:54.637360 - friend image "LadyGaga.jpg" added
2025-12-14 19:49:55.302849 - friend image "LadyGaga.jpg" added
2025-12-14 19:49:55.965409 - friend image "LadyGaga.jpg" added
2025-12-14 19:49:56.615212 - friend image "LadyGaga.jpg" added
2025-12-14 19:49:57.275455 - friend image "LadyGaga.jpg" added
2025-12-14 19:49:57.944800 - friend image "LadyGaga.jpg" added
2025-12-14 19:49:58.611306 - friend image "LadyGaga.jpg" added
2025-12-14 19:49:59.278381 - friend image "LadyGaga.jpg" added
2025-12-14 19:49:59.930269 - friend image "LadyGaga.jpg" added
2025-12-14 19:50:00.612739 - friend image "LadyGaga.jpg" added
2025-12-14 19:50:01.297162 - friend image "LadyGaga.jpg" added
2025-12-14 19:50:02.003405 - friend image "LadyGaga.jpg" added
2025-12-14 19:50:02.685072 - friend image "LadyGaga.jpg" added
2025-12-14 19:50:03.361513 - friend image "LadyGaga.jpg" added
2025-12-14 19:50:04.028638 - friend image "LadyGaga.jpg" added
2025-12-14 19:50:04.688407 - friend image "LadyGaga.jpg" added
2025-12-14 19:50:05.352778 - friend image "LadyGaga.jpg" added
2025-12-14 19:50:06.035495 - friend image "LadyGaga.jpg" added
2025-12-14 19:50:06.701545 - friend image "LadyGaga.jpg" added
2025-12-14 19:50:07.369551 - friend image "LadyGaga.jpg" added
2025-12-14 19:50:08.035610 - friend image "LadyGaga.jpg" added
2025-12-14 19:50:08.697404 - friend image "LadyGaga.jpg" added
2025-12-14 19:50:09.350897 - friend image "LadyGaga.jpg" added
2025-12-14 19:50:10.613927 - friend image "LadyGaga.jpg" added
2025-12-14 19:50:11.270758 - friend image "LadyGaga.jpg" added
2025-12-14 19:50:11.938499 - friend image "LadyGaga.jpg" added
2025-12-14 19:50:12.616427 - friend image "LadyGaga.jpg" added
2025-12-14 19:50:13.894450 - friend image "LadyGaga.jpg" added
2025-12-14 19:50:14.550643 - friend image "LadyGaga.jpg" added
2025-12-14 19:50:15.221984 - friend image "LadyGaga.jpg" added
2025-12-14 19:50:15.891934 - friend image "LadyGaga.jpg" added
2025-12-14 19:50:16.560320 - friend image "LadyGaga.jpg" added
2025-12-14 19:50:17.221884 - friend image "LadyGaga.jpg" added
2025-12-14 19:50:17.893456 - friend image "LadyGaga.jpg" added
2025-12-14 19:50:18.570840 - friend image "LadyGaga.jpg" added
2025-12-14 19:50:19.235622 - friend image "LadyGaga.jpg" added
2025-12-14 19:50:19.888752 - friend image "LadyGaga.jpg" added
2025-12-14 19:50:20.553783 - friend image "LadyGaga.jpg" added
2025-12-14 19:50:21.211162 - friend image "LadyGaga.jpg" added
2025-12-14 19:50:21.873930 - friend image "LadyGaga.jpg" added
2025-12-14 19:50:22.532118 - friend image "LadyGaga.jpg" added
2025-12-14 19:50:23.181476 - friend image "LadyGaga.jpg" added
2025-12-14 19:50:23.829420 - friend image "LadyGaga.jpg" added
2025-12-14 19:50:24.488020 - friend image "LadyGaga.jpg" added
2025-12-14 19:50:25.143208 - friend image "LadyGaga.jpg" added
2025-12-14 19:50:25.802256 - friend image "LadyGaga.jpg" added
2025-12-14 19:50:26.455438 - friend image "LadyGaga.jpg" added
2025-12-14 19:50:27.108138 - friend image "LadyGaga.jpg" added
2025-12-14 19:50:27.761127 - friend image "LadyGaga.jpg" added
2025-12-14 19:50:28.441951 - friend image "LadyGaga.jpg" added
2025-12-14 19:50:29.097857 - friend image "LadyGaga.jpg" added
2025-12-14 19:50:29.743935 - friend image "LadyGaga.jpg" added
2025-12-14 19:50:30.406655 - friend image "LadyGaga.jpg" added
2025-12-14 19:50:31.068690 - friend image "LadyGaga.jpg" added
2025-12-14 19:50:31.735451 - friend image "LadyGaga.jpg" added
2025-12-14 19:50:32.394858 - friend image "LadyGaga.jpg" added
2025-12-14 19:50:33.063314 - friend image "LadyGaga.jpg" added
2025-12-14 19:50:33.715268 - friend image "LadyGaga.jpg" added
2025-12-14 19:50:34.370758 - friend image "LadyGaga.jpg" added
2025-12-14 19:50:35.022124 - friend image "LadyGaga.jpg" added
2025-12-14 19:50:35.675038 - friend image "LadyGaga.jpg" added
2025-12-14 19:50:36.335067 - friend image "LadyGaga.jpg" added
2025-12-14 19:50:36.995575 - friend image "LadyGaga.jpg" added
2025-12-14 19:50:37.647905 - friend image "LadyGaga.jpg" added
2025-12-14 19:50:38.319715 - friend image "LadyGaga.jpg" added
2025-12-14 19:50:38.978469 - friend image "LadyGaga.jpg" added
2025-12-14 19:50:39.635521 - friend image "LadyGaga.jpg" added
2025-12-14 19:50:40.289669 - friend image "LadyGaga.jpg" added
2025-12-14 19:50:40.945860 - friend image "LadyGaga.jpg" added
2025-12-14 19:50:41.602154 - friend image "LadyGaga.jpg" added
2025-12-14 19:50:42.256985 - friend image "LadyGaga.jpg" added
2025-12-14 19:50:42.932393 - friend image "LadyGaga.jpg" added
2025-12-14 19:50:43.602228 - friend image "LadyGaga.jpg" added
2025-12-14 19:50:44.272654 - friend image "LadyGaga.jpg" added
2025-12-14 19:50:44.946577 - friend image "LadyGaga.jpg" added
2025-12-14 19:50:45.615863 - friend image "LadyGaga.jpg" added
2025-12-14 19:50:46.281952 - friend image "LadyGaga.jpg" added
2025-12-14 19:50:46.950822 - friend image "LadyGaga.jpg" added
2025-12-14 19:50:47.610968 - friend image "LadyGaga.jpg" added
